2024-02-17 21:13:47,299 - Mouse Pressed at (337, 62)
2024-02-17 21:13:47,410 - Mouse Released at (337, 62)
2024-02-17 21:13:49,743 - Mouse Pressed at (-928, 51)
2024-02-17 21:13:49,853 - Mouse Released at (-928, 51)
2024-02-17 21:13:52,736 - Mouse Pressed at (-1791, 304)
2024-02-17 21:13:52,831 - Mouse Released at (-1791, 304)
2024-02-17 21:13:54,769 - Mouse Pressed at (-909, 103)
2024-02-17 21:13:56,432 - Mouse Released at (-1195, 76)
2024-02-17 21:13:57,094 - Mouse Pressed at (-969, 76)
2024-02-17 21:13:57,204 - Mouse Released at (-969, 76)
2024-02-17 21:13:58,784 - Mouse Pressed at (-1112, 55)
2024-02-17 21:13:58,831 - Mouse Released at (-1112, 55)
2024-02-17 21:14:00,238 - Mouse Pressed at (-1056, 524)
2024-02-17 21:14:01,153 - Mouse Released at (-1308, 523)
2024-02-17 21:14:02,543 - Mouse Pressed at (-1135, 501)
2024-02-17 21:14:03,319 - Mouse Released at (-1315, 501)
2024-02-17 21:14:04,202 - Mouse Pressed at (-1062, 519)
2024-02-17 21:14:04,991 - Mouse Released at (-1308, 494)
2024-02-17 21:14:05,576 - Mouse Pressed at (-1032, 527)
2024-02-17 21:14:05,656 - Mouse Released at (-1032, 527)
2024-02-17 21:14:06,461 - Key Pressed: 
2024-02-17 21:14:08,784 - Mouse Pressed at (-696, 50)
2024-02-17 21:14:08,911 - Mouse Released at (-696, 50)
2024-02-17 21:14:10,530 - Mouse Pressed at (-1140, 52)
2024-02-17 21:14:10,577 - Mouse Released at (-1140, 52)
2024-02-17 21:14:11,585 - Mouse Pressed at (-1156, 557)
2024-02-17 21:14:11,663 - Mouse Released at (-1156, 557)
2024-02-17 21:14:11,774 - Mouse Pressed at (-1156, 557)
2024-02-17 21:14:11,869 - Mouse Released at (-1156, 557)
2024-02-17 21:14:14,605 - Mouse Pressed at (-1089, 562)
2024-02-17 21:14:14,684 - Mouse Released at (-1089, 562)
2024-02-17 21:14:14,809 - Mouse Pressed at (-1089, 562)
2024-02-17 21:14:14,887 - Mouse Released at (-1089, 562)
2024-02-17 21:14:17,384 - Mouse Pressed at (-1142, 544)
2024-02-17 21:14:18,122 - Mouse Released at (-1309, 544)
2024-02-17 21:14:18,979 - Mouse Pressed at (-1030, 560)
2024-02-17 21:14:19,075 - Mouse Released at (-1030, 560)
2024-02-17 21:14:19,754 - Unhandled exception in listener callback
Traceback (most recent call last):
  File "c:\Users\DTman\myVision\MUSTai\AICode\mouselog\src\mouse-log-record.py", line 23, in on_press
    buffer.append(key.char)  # record keystrokes
                  ^^^^^^^^
AttributeError: 'Key' object has no attribute 'char'

During handling of the above exception, another exception occurred:

Traceback (most recent call last):
  File "C:\Users\DTman\anaconda3\envs\myenv-mustai\Lib\site-packages\pynput\_util\__init__.py", line 228, in inner
    return f(self, *args, **kwargs)
           ^^^^^^^^^^^^^^^^^^^^^^^^
  File "C:\Users\DTman\anaconda3\envs\myenv-mustai\Lib\site-packages\pynput\keyboard\_win32.py", line 287, in _process
    self.on_press(key)
  File "C:\Users\DTman\anaconda3\envs\myenv-mustai\Lib\site-packages\pynput\_util\__init__.py", line 144, in inner
    if f(*args) is False:
       ^^^^^^^^
  File "c:\Users\DTman\myVision\MUSTai\AICode\mouselog\src\mouse-log-record.py", line 26, in on_press
    logging.info(f'Key {"Pressed"}: {" ".join(buffer)}')  # write buffer to log file
                                     ^^^^^^^^^^^^^^^^
TypeError: sequence item 1: expected str instance, NoneType found
2024-02-17 21:14:22,484 - Mouse Pressed at (324, 73)
2024-02-17 21:14:22,595 - Mouse Released at (324, 73)
2024-02-17 21:14:23,840 - Mouse Pressed at (328, 64)
2024-02-17 21:14:23,918 - Mouse Released at (328, 64)
2024-02-17 21:14:25,178 - Mouse Pressed at (121, 475)
2024-02-17 21:14:25,272 - Mouse Released at (121, 475)
2024-02-17 21:14:26,521 - Mouse Pressed at (306, 53)
2024-02-17 21:14:26,631 - Mouse Released at (306, 53)
2024-02-17 21:14:39,503 - Mouse Pressed at (218, 73)
2024-02-17 21:14:39,597 - Mouse Released at (218, 73)
2024-02-17 21:14:40,407 - Mouse Pressed at (273, 62)
2024-02-17 21:14:41,265 - Mouse Released at (156, 68)
2024-02-17 21:14:41,962 - Mouse Pressed at (334, 66)
2024-02-17 21:14:42,056 - Mouse Released at (334, 66)
2024-02-17 21:14:42,167 - Mouse Pressed at (334, 66)
2024-02-17 21:14:42,230 - Mouse Released at (334, 66)
2024-02-17 21:14:42,339 - Mouse Pressed at (334, 66)
2024-02-17 21:14:42,434 - Mouse Released at (334, 66)
2024-02-17 21:14:51,372 - Mouse Pressed at (1122, 549)
2024-02-17 21:14:51,482 - Mouse Released at (1122, 549)
2024-02-17 21:14:54,972 - Mouse Pressed at (1026, 592)
2024-02-17 21:14:55,084 - Mouse Released at (1026, 592)
2024-02-17 21:14:56,647 - Mouse Pressed at (664, 550)
2024-02-17 21:14:56,758 - Mouse Released at (664, 550)
2024-02-17 21:14:57,710 - Mouse Pressed at (1120, 546)
2024-02-17 21:14:57,789 - Mouse Released at (1120, 546)
2024-02-17 21:14:58,497 - Mouse Pressed at (1070, 578)
2024-02-17 21:14:58,576 - Mouse Released at (1070, 578)
2024-02-17 21:14:59,684 - Mouse Pressed at (1056, 574)
2024-02-17 21:14:59,810 - Mouse Released at (1056, 574)
2024-02-17 21:15:01,343 - Mouse Pressed at (1120, 581)
2024-02-17 21:15:01,437 - Mouse Released at (1120, 581)
2024-02-17 21:15:02,597 - Mouse Pressed at (1024, 573)
2024-02-17 21:15:02,706 - Mouse Released at (1024, 573)
2024-02-17 21:15:03,749 - Mouse Pressed at (1127, 616)
2024-02-17 21:15:03,875 - Mouse Released at (1127, 616)
2024-02-17 21:15:04,907 - Mouse Pressed at (1012, 611)
2024-02-17 21:15:05,017 - Mouse Released at (1012, 611)
2024-02-17 21:15:09,702 - Mouse Pressed at (870, 583)
2024-02-17 21:15:09,813 - Mouse Released at (870, 583)
2024-02-17 21:15:14,858 - Mouse Pressed at (729, 21)
2024-02-17 21:15:14,996 - Mouse Released at (729, 21)
2024-02-17 21:15:15,862 - Mouse Pressed at (529, 27)
2024-02-17 21:15:15,974 - Mouse Released at (529, 27)
2024-02-17 21:15:16,370 - Mouse Pressed at (511, 60)
2024-02-17 21:15:16,496 - Mouse Released at (511, 60)
2024-02-17 21:15:24,634 - Mouse Pressed at (376, 70)
2024-02-17 21:15:24,741 - Mouse Released at (376, 70)
2024-02-17 21:15:25,640 - Mouse Pressed at (262, 63)
2024-02-17 21:15:25,734 - Mouse Released at (262, 63)
2024-02-17 21:15:27,302 - Mouse Pressed at (303, 59)
2024-02-17 21:15:28,216 - Mouse Released at (689, 59)
2024-02-17 21:15:29,149 - Mouse Pressed at (1919, 26)
2024-02-17 21:15:29,276 - Mouse Released at (1919, 26)
2024-02-17 21:15:30,662 - Mouse Pressed at (711, 1060)
2024-02-17 21:15:30,773 - Mouse Released at (711, 1060)
2024-02-17 21:15:34,774 - Mouse Pressed at (987, 620)
2024-02-17 21:15:34,852 - Mouse Released at (987, 620)
2024-02-17 21:15:36,583 - Mouse Pressed at (294, 58)
2024-02-17 21:15:36,693 - Mouse Released at (294, 58)
2024-02-17 21:15:51,797 - Mouse Pressed at (262, 66)
2024-02-17 21:15:52,601 - Mouse Released at (136, 68)
2024-02-17 21:15:55,498 - Mouse Pressed at (-963, 464)
2024-02-17 21:15:56,275 - Mouse Released at (-1315, 463)
2024-02-17 21:15:57,173 - Mouse Pressed at (-1140, 580)
2024-02-17 21:15:57,268 - Mouse Released at (-1140, 580)
2024-02-17 21:16:01,890 - Mouse Pressed at (308, 62)
2024-02-17 21:16:01,986 - Mouse Released at (308, 62)
2024-02-17 21:16:05,353 - Mouse Pressed at (310, 59)
2024-02-17 21:16:06,365 - Mouse Released at (143, 59)
2024-02-17 21:16:07,846 - Mouse Pressed at (-1125, 595)
2024-02-17 21:16:07,941 - Mouse Released at (-1125, 595)
2024-02-17 21:16:07,972 - Mouse Pressed at (-1125, 595)
2024-02-17 21:16:08,098 - Mouse Released at (-1125, 595)
2024-02-17 21:16:09,553 - Mouse Pressed at (-780, 547)
2024-02-17 21:16:09,616 - Mouse Released at (-780, 547)
2024-02-17 21:16:12,525 - Mouse Pressed at (1917, 20)
2024-02-17 21:16:12,620 - Mouse Released at (1917, 20)
2024-02-17 21:16:16,588 - Mouse Pressed at (-1104, 483)
2024-02-17 21:16:17,288 - Mouse Released at (-1336, 481)
2024-02-17 21:16:18,112 - Mouse Pressed at (-769, 607)
2024-02-17 21:16:18,208 - Mouse Released at (-769, 607)
2024-02-17 21:16:20,453 - Mouse Pressed at (712, 1061)
2024-02-17 21:16:20,484 - Mouse Released at (712, 1061)
2024-02-17 21:16:26,042 - Mouse Pressed at (972, 612)
2024-02-17 21:16:26,073 - Mouse Released at (972, 612)
2024-02-17 21:16:28,203 - Mouse Pressed at (336, 62)
2024-02-17 21:16:28,219 - Mouse Released at (336, 62)
2024-02-17 21:16:40,807 - Mouse Pressed at (317, 68)
2024-02-17 21:16:40,934 - Mouse Released at (317, 68)
2024-02-17 21:17:02,100 - Mouse Pressed at (317, 68)
2024-02-17 21:17:02,209 - Mouse Released at (317, 68)
2024-02-17 21:17:03,858 - Mouse Pressed at (265, 65)
2024-02-17 21:17:03,967 - Mouse Released at (265, 65)
2024-02-17 21:17:09,946 - Mouse Pressed at (-1092, 596)
2024-02-17 21:17:10,072 - Mouse Released at (-1092, 596)
2024-02-17 21:17:20,741 - Mouse Pressed at (-1299, 598)
2024-02-17 21:17:22,088 - Mouse Released at (-790, 595)
2024-02-17 21:17:23,446 - Mouse Pressed at (-1890, 527)
2024-02-17 21:17:23,557 - Mouse Released at (-1890, 527)
2024-02-17 21:17:24,662 - Mouse Pressed at (-1772, 739)
2024-02-17 21:17:24,741 - Mouse Released at (-1772, 739)
2024-02-17 21:18:18,700 - Mouse Pressed at (-1190, 594)
2024-02-17 21:18:18,795 - Mouse Released at (-1190, 594)
2024-02-17 21:18:18,905 - Mouse Pressed at (-1190, 594)
2024-02-17 21:18:19,000 - Mouse Released at (-1190, 594)
2024-02-17 21:18:33,911 - Mouse Pressed at (-1069, 621)
2024-02-17 21:18:34,006 - Mouse Released at (-1069, 621)
2024-02-17 21:18:37,388 - Mouse Pressed at (1919, 16)
2024-02-17 21:18:37,483 - Mouse Released at (1919, 15)
2024-02-17 21:18:38,386 - Mouse Pressed at (-911, 552)
2024-02-17 21:18:38,481 - Mouse Released at (-911, 552)
2024-02-17 21:18:39,851 - Mouse Pressed at (712, 1061)
2024-02-17 21:18:39,883 - Mouse Released at (712, 1061)
2024-02-17 21:18:45,424 - Mouse Pressed at (972, 612)
2024-02-17 21:18:45,440 - Mouse Released at (972, 612)
2024-02-17 21:18:47,572 - Mouse Pressed at (336, 62)
2024-02-17 21:18:47,587 - Mouse Released at (336, 62)
2024-02-17 21:19:00,591 - Mouse Pressed at (-1731, 747)
2024-02-17 21:19:00,733 - Mouse Released at (-1731, 747)
2024-02-17 21:19:41,693 - Mouse Pressed at (593, 158)
2024-02-17 21:19:42,464 - Mouse Released at (222, 158)
2024-02-17 21:19:43,588 - Mouse Pressed at (-1764, 733)
2024-02-17 21:19:43,696 - Mouse Released at (-1764, 733)
2024-02-17 21:20:03,117 - Mouse Pressed at (-1683, 472)
2024-02-17 21:20:03,751 - Mouse Released at (-1853, 468)
2024-02-17 21:20:07,801 - Mouse Pressed at (1114, 983)
2024-02-17 21:20:07,928 - Mouse Released at (1114, 983)
2024-02-17 21:20:10,210 - Mouse Pressed at (-743, 379)
2024-02-17 21:20:10,288 - Mouse Released at (-743, 379)
2024-02-17 21:20:10,956 - Mouse Pressed at (-1018, 441)
2024-02-17 21:20:11,052 - Mouse Released at (-1018, 441)
2024-02-17 21:20:11,352 - Mouse Pressed at (-993, 431)
2024-02-17 21:20:11,463 - Mouse Released at (-993, 431)
2024-02-17 21:20:13,988 - Mouse Pressed at (-1070, 433)
2024-02-17 21:20:14,844 - Mouse Released at (-1305, 433)
2024-02-17 21:20:16,618 - Mouse Pressed at (-1297, 516)
2024-02-17 21:20:16,729 - Mouse Released at (-1297, 516)
2024-02-17 21:20:19,398 - Mouse Pressed at (-1152, 424)
2024-02-17 21:20:20,107 - Mouse Released at (-1319, 424)
2024-02-17 21:20:22,382 - Mouse Pressed at (-1613, 597)
2024-02-17 21:20:24,818 - Mouse Released at (-1844, 513)
2024-02-17 21:20:26,024 - Mouse Pressed at (-823, 700)
2024-02-17 21:20:27,007 - Mouse Released at (-1307, 698)
2024-02-17 21:20:30,625 - Mouse Pressed at (-1295, 547)
2024-02-17 21:20:30,752 - Mouse Released at (-1296, 548)
2024-02-17 21:20:37,047 - Mouse Pressed at (1907, 7)
2024-02-17 21:20:37,126 - Mouse Released at (1907, 7)
2024-02-17 21:20:38,038 - Mouse Pressed at (-947, 630)
2024-02-17 21:20:38,117 - Mouse Released at (-947, 630)
2024-02-17 21:20:39,164 - Mouse Pressed at (712, 1061)
2024-02-17 21:20:39,195 - Mouse Released at (712, 1061)
2024-02-17 21:20:44,762 - Mouse Pressed at (972, 612)
2024-02-17 21:20:44,778 - Mouse Released at (972, 612)
2024-02-17 21:20:46,901 - Mouse Pressed at (336, 62)
2024-02-17 21:20:46,917 - Mouse Released at (336, 62)
2024-02-17 21:52:49,444 - Mouse Pressed at (-720, 55)
2024-02-17 21:52:49,538 - Mouse Released at (-720, 55)
2024-02-17 21:52:50,694 - Mouse Pressed at (-701, 608)
2024-02-17 21:52:50,821 - Mouse Released at (-701, 608)
2024-02-17 21:52:52,002 - Mouse Pressed at (-862, 1046)
2024-02-17 21:52:52,126 - Mouse Released at (-862, 1046)
